/usr/bin/make all -C /Users/medazsploit/Desktop/CPP/CPP_01/ex00 --print-data-base --no-builtin-variables --no-builtin-rules --question
# GNU Make 3.81
# Copyright (C) 2006  Free Software Foundation, Inc.
# This is free software; see the source for copying conditions.
# There is NO warranty; not even for MERCHANTABILITY or FITNESS FOR A
# PARTICULAR PURPOSE.

# This program built for i386-apple-darwin11.3.0
 

# Make data base, printed on Sat Apr  2 06:38:09 2022

# Variables

# automatic
<D = $(patsubst %/,%,$(dir $<))
# automatic
?F = $(notdir $?)
# makefile (from `Makefile', line 18)
OBJ = $(SRC:.cpp=.o)
# makefile (from `Makefile', line 17)
SRC = Zombie.cpp newZombie.cpp randomChump.cpp main.cpp
# environment
LC_CTYPE = UTF-8
# environment
VSCODE_LOG_NATIVE = false
# automatic
?D = $(patsubst %/,%,$(dir $?))
# automatic
@D = $(patsubst %/,%,$(dir $@))
# automatic
@F = $(notdir $@)
# makefile
CURDIR := /Users/medazsploit/Desktop/CPP/CPP_01/ex00
# makefile
SHELL = /bin/sh
# environment
VSCODE_NLS_CONFIG = {"locale":"en-us","availableLanguages":{},"_languagePackSupport":true}
# environment
_ = /usr/bin/make
# makefile (from `Makefile', line 1)
MAKEFILE_LIST :=  Makefile
# environment
VSCODE_VERBOSE_LOGGING = true
# environment
__CFBundleIdentifier = com.microsoft.VSCode
# environment
VSCODE_IPC_HOOK_EXTHOST = /var/folders/k1/1_k1zk917jx3wcyhjq70_1x80000gn/T/vscode-ipc-1f34990f-0ce3-4eed-b12b-2b50f110afe4.sock
# environment
VSCODE_CWD = /
# environment
PATH = /opt/local/bin:/opt/local/sbin:/usr/local/bin:/usr/bin:/bin:/usr/sbin:/sbin:/Applications/VMware Fusion.app/Contents/Public:/opt/X11/bin:/opt/local/bin:/opt/local/sbin:/Users/medazsploit/go/bin:/usr/local/opt/go/libexec/bin:/Users/medazsploit/go/bin:/usr/local/opt/go/libexec/bin
# environment
GOROOT = /usr/local/opt/go/libexec
# environment
LSCOLORS = Gxfxcxdxbxegedabagacad
# environment
GOPATH = /Users/medazsploit/go
# environment
VSCODE_LOG_STACK = false
# environment
ELECTRON_RUN_AS_NODE = 1
# default
.FEATURES := target-specific order-only second-expansion else-if archives jobserver check-symlink
# environment
SSH_AUTH_SOCK = /private/tmp/com.apple.launchd.PSEyAtgl9v/Listeners
# automatic
%F = $(notdir $%)
# environment
DISPLAY = /private/tmp/com.apple.launchd.MRLE7Hzqvw/org.xquartz:0
# environment
VSCODE_PIPE_LOGGING = true
# environment
PWD = /Users/medazsploit/Desktop/CPP
# environment
ORIGINAL_XDG_CURRENT_DESKTOP = undefined
# environment
VSCODE_AMD_ENTRYPOINT = vs/workbench/api/node/extensionHostProcess
# environment
HOME = /Users/medazsploit
# default
MAKEFILEPATH = $(shell /usr/bin/xcode-select -print-path 2>/dev/null || echo /Developer)/Makefiles
# environment
VSCODE_CODE_CACHE_PATH = /Users/medazsploit/Library/Application Support/Code/CachedData/e18005f0f1b33c29e81d732535d8c0e47cafb0b5
# environment
LOGNAME = medazsploit
# environment
APPLICATION_INSIGHTS_NO_DIAGNOSTIC_CHANNEL = 1
# environment
ZSH = /Users/medazsploit/.oh-my-zsh
# environment
VSCODE_HANDLES_UNCAUGHT_ERRORS = true
# automatic
^D = $(patsubst %/,%,$(dir $^))
# environment
XPC_FLAGS = 0x0
# environment
COLORTERM = truecolor
# default
MAKE = $(MAKE_COMMAND)
# environment
LC_TERMINAL = iTerm2
# environment
SHLVL = 2
# makefile (from `Makefile', line 15)
CC = c++
# environment
JAVA_HOME = /Library/Java/JavaVirtualMachines/adoptopenjdk-9.jdk/Contents/Home
# default
MAKE_VERSION := 3.81
# environment
USER = medazsploit
# makefile
.DEFAULT_GOAL := all
# default
MAKECMDGOALS := all
# environment
TERM_SESSION_ID = w0t0p0:0B2249C5-0559-4228-9EAC-06B0F5D511B5
# makefile (from `Makefile', line 14)
NAME = Zombie
# environment
LESS = -R
# automatic
%D = $(patsubst %/,%,$(dir $%))
# default
MAKE_COMMAND := /Library/Developer/CommandLineTools/usr/bin/make
# environment
TERM_PROGRAM = iTerm.app
# default
.VARIABLES := 
# environment
TMPDIR = /var/folders/k1/1_k1zk917jx3wcyhjq70_1x80000gn/T/
# automatic
*F = $(notdir $*)
# environment
VSCODE_IPC_HOOK = /Users/medazsploit/Library/Application Support/Code/1.66.0-main.sock
# makefile
MAKEFLAGS = Rrqp
# environment
MFLAGS = -Rrqp
# automatic
*D = $(patsubst %/,%,$(dir $*))
# environment
TERM_PROGRAM_VERSION = 3.4.15
 
# environment
XPC_SERVICE_NAME = application.com.microsoft.VSCode.15644132.15644138
# environment
LC_TERMINAL_VERSION = 3.4.15
# automatic
+D = $(patsubst %/,%,$(dir $+))
# automatic
+F = $(notdir $+)
# environment
ITERM_SESSION_ID = w0t0p0:0B2249C5-0559-4228-9EAC-06B0F5D511B5
# environment
COLORFGBG = 15;0
# environment
__CF_USER_TEXT_ENCODING = 0x1F5:0x0:0x0
# environment
COMMAND_MODE = unix2003
# default
MAKEFILES := 
# automatic
<F = $(notdir $<)
# environment
ITERM_PROFILE = Default
# environment
PAGER = less
# environment
LC_ALL = C
# automatic
^F = $(notdir $^)
# default
SUFFIXES := 
# makefile (from `Makefile', line 16)
FLAGS = -Wall -Wextra -Werror -std=c++98
# default
.INCLUDE_DIRS = /usr/local/include
# environment
MAKELEVEL := 0
# environment
LANG = C
# environment
TERM = xterm-256color
# environment
VSCODE_PID = 67064
# variable set hash-table stats:
# Load=86/1024=8%, Rehash=0, Collisions=8/121=7%

# Pattern-specific Variable Values

# No pattern-specific variable values.

# Directories

# . (device 16777220, inode 15063317): 13 files, no impossibilities.

# 13 files, no impossibilities in 1 directories.

# Implicit Rules

%.o %.cpp:
#  commands to execute (from `Makefile', line 21):
	$(CC) $(FLAGS) -c $(SRC)
	

# 1 implicit rules, 0 (0.0%) terminal.

# Files

randomChump.o:
#  Implicit rule search has been done.
#  Implicit/static pattern stem: `randomChump'
#  Also makes: randomChump.cpp
#  Last modified 2022-04-02 06:38:07
#  File has been updated.
#  Successfully updated.
 
# variable set hash-table stats:
# Load=0/32=0%, Rehash=0, Collisions=0/0=0%
#  commands to execute (from `Makefile', line 21):
	$(CC) $(FLAGS) -c $(SRC)
	

all: Zombie
#  Phony target (prerequisite of .PHONY).
#  Command-line target.
#  Implicit rule search has not been done.
#  File does not exist.
#  File has been updated.
#  Needs to be updated (-q is set).
# variable set hash-table stats:
# Load=0/32=0%, Rehash=0, Collisions=0/7=0%

.PHONY: all re fclean clean
#  Implicit rule search has not been done.
#  Modification time never checked.
#  File has not been updated.

# Not a target:
.SUFFIXES:
#  Implicit rule search has not been done.
#  Modification time never checked.
#  File has not been updated.

# Not a target:
Makefile:
#  Implicit rule search has been done.
#  Last modified 2022-03-23 22:35:47
#  File has been updated.
#  Successfully updated.
# variable set hash-table stats:
# Load=0/32=0%, Rehash=0, Collisions=0/0=0%

Zombie.cpp:
#  Implicit rule search has not been done.
#  Modification time never checked.
#  File has not been updated.

main.cpp:
#  Implicit rule search has not been done.
#  Modification time never checked.
#  File has not been updated.

newZombie.cpp:
#  Implicit rule search has not been done.
#  Modification time never checked.
#  File has not been updated.

fclean: clean
#  Phony target (prerequisite of .PHONY).
#  Implicit rule search has not been done.
#  File does not exist.
#  File has not been updated.
#  commands to execute (from `Makefile', line 31):
	@rm -rf $(NAME)
	

randomChump.cpp:
#  Implicit rule search has not been done.
#  Modification time never checked.
#  File has not been updated.

# Not a target:
.DEFAULT:
#  Implicit rule search has not been done.
#  Modification time never checked.
#  File has not been updated.

re: fclean all
#  Phony target (prerequisite of .PHONY).
#  Implicit rule search has not been done.
#  File does not exist.
#  File has not been updated.

clean:
#  Phony target (prerequisite of .PHONY).
#  Implicit rule search has not been done.
#  File does not exist.
#  File has not been updated.
#  commands to execute (from `Makefile', line 28):
	@rm -rf $(OBJ)
	

Zombie: Zombie.o newZombie.o randomChump.o main.o
#  Implicit rule search has not been done.
#  Implicit/static pattern stem: `'
#  File does not exist.
#  File has been updated.
#  Needs to be updated (-q is set).
# automatic
# @ := Zombie
 
# automatic
# % := 
# automatic
# * := 
# automatic
# + := Zombie.o newZombie.o randomChump.o main.o
# automatic
# | := 
# automatic
# < := Zombie.o
# automatic
# ^ := Zombie.o newZombie.o randomChump.o main.o
# automatic
# ? := Zombie.o newZombie.o randomChump.o main.o
# variable set hash-table stats:
# Load=8/32=25%, Rehash=0, Collisions=3/15=20%
#  commands to execute (from `Makefile', line 25):
	$(CC) $(FLAGS) $(OBJ) -o $(NAME)
	

Zombie.o:
#  Implicit rule search has been done.
#  Implicit/static pattern stem: `Zombie'
#  Also makes: Zombie.cpp
#  Last modified 2022-04-02 06:38:05
#  File has been updated.
#  Successfully updated.
# variable set hash-table stats:
# Load=0/32=0%, Rehash=0, Collisions=0/0=0%
#  commands to execute (from `Makefile', line 21):
	$(CC) $(FLAGS) -c $(SRC)
	

main.o:
#  Implicit rule search has been done.
#  Implicit/static pattern stem: `main'
#  Also makes: main.cpp
#  Last modified 2022-04-02 06:38:08
#  File has been updated.
#  Successfully updated.
# variable set hash-table stats:
# Load=0/32=0%, Rehash=0, Collisions=0/0=0%
#  commands to execute (from `Makefile', line 21):
	$(CC) $(FLAGS) -c $(SRC)
	

newZombie.o:
#  Implicit rule search has been done.
#  Implicit/static pattern stem: `newZombie'
#  Also makes: newZombie.cpp
#  Last modified 2022-04-02 06:38:07
#  File has been updated.
#  Successfully updated.
# variable set hash-table stats:
# Load=0/32=0%, Rehash=0, Collisions=0/0=0%
#  commands to execute (from `Makefile', line 21):
	$(CC) $(FLAGS) -c $(SRC)
	

# files hash-table stats:
# Load=17/1024=2%, Rehash=0, Collisions=0/51=0%
# VPATH Search Paths

# No `vpath' search paths.

# No general (`VPATH' variable) search path.

# # of strings in strcache: 1
# # of strcache buffers: 1
# strcache size: total = 4096 / max = 4096 / min = 4096 / avg = 4096
# strcache free: total = 4087 / max = 4087 / min = 4087 / avg = 4087

# Finished Make data base on Sat Apr  2 06:38:09 2022

 
